Flow report for Lab1
Thu Sep 26 09:12:14 2019
Quartus II 64-Bit Version 13.0.1 Build 232 06/12/2013 Service Pack 1 SJ Full Version


---------------------
; Table of Contents ;
---------------------
  1. Legal Notice
  2. Flow Summary
  3. Flow Settings
  4. Flow Non-Default Global Settings
  5. Flow Elapsed Time
  6. Flow OS Summary
  7. Flow Log
  8. Flow Messages
  9. Flow Suppressed Messages



----------------
; Legal Notice ;
----------------
Copyright (C) 1991-2013 Altera Corporation
Your use of Altera Corporation's design tools, logic functions 
and other software and tools, and its AMPP partner logic 
functions, and any output files from any of the foregoing 
(including device programming or simulation files), and any 
associated documentation or information are expressly subject 
to the terms and conditions of the Altera Program License 
Subscription Agreement, Altera MegaCore Function License 
Agreement, or other applicable license agreement, including, 
without limitation, that your use is for the sole purpose of 
programming logic devices manufactured by Altera and sold by 
Altera or its authorized distributors.  Please refer to the 
applicable agreement for further details.



+---------------------------------------------------------------------------------------+
; Flow Summary                                                                          ;
+------------------------------------+--------------------------------------------------+
; Flow Status                        ; Successful - Thu Sep 26 09:12:08 2019            ;
; Quartus II 64-Bit Version          ; 13.0.1 Build 232 06/12/2013 SP 1 SJ Full Version ;
; Revision Name                      ; Lab1                                             ;
; Top-level Entity Name              ; Lab1                                             ;
; Family                             ; Cyclone II                                       ;
; Device                             ; EP2C35F672C6                                     ;
; Timing Models                      ; Final                                            ;
; Total logic elements               ; 3,251 / 33,216 ( 10 % )                          ;
;     Total combinational functions  ; 2,875 / 33,216 ( 9 % )                           ;
;     Dedicated logic registers      ; 2,186 / 33,216 ( 7 % )                           ;
; Total registers                    ; 2186                                             ;
; Total pins                         ; 18 / 475 ( 4 % )                                 ;
; Total virtual pins                 ; 0                                                ;
; Total memory bits                  ; 349,696 / 483,840 ( 72 % )                       ;
; Embedded Multiplier 9-bit elements ; 4 / 70 ( 6 % )                                   ;
; Total PLLs                         ; 0 / 4 ( 0 % )                                    ;
+------------------------------------+--------------------------------------------------+


+-----------------------------------------+
; Flow Settings                           ;
+-------------------+---------------------+
; Option            ; Setting             ;
+-------------------+---------------------+
; Start date & time ; 09/26/2019 09:10:46 ;
; Main task         ; Compilation         ;
; Revision Name     ; Lab1                ;
+-------------------+---------------------+


+-----------------------------------------------------------------------------------------------------------------------------------------------------------------------------------+
; Flow Non-Default Global Settings                                                                                                                                                  ;
+-------------------------------------+------------------------------------------------------------------------+---------------+---------------------------------+------------------+
; Assignment Name                     ; Value                                                                  ; Default Value ; Entity Name                     ; Section Id       ;
+-------------------------------------+------------------------------------------------------------------------+---------------+---------------------------------+------------------+
; COMPILER_SIGNATURE_ID               ; 194080960287598.156950344511780                                        ; --            ; --                              ; --               ;
; ENABLE_SIGNALTAP                    ; On                                                                     ; --            ; --                              ; --               ;
; IP_TOOL_ENV                         ; Qsys                                                                   ; --            ; altera_avalon_sc_fifo           ; --               ;
; IP_TOOL_ENV                         ; Qsys                                                                   ; --            ; altera_merlin_burst_adapter     ; --               ;
; IP_TOOL_ENV                         ; Qsys                                                                   ; --            ; altera_merlin_master_agent      ; --               ;
; IP_TOOL_ENV                         ; Qsys                                                                   ; --            ; altera_merlin_master_translator ; --               ;
; IP_TOOL_ENV                         ; Qsys                                                                   ; --            ; altera_merlin_slave_agent       ; --               ;
; IP_TOOL_ENV                         ; Qsys                                                                   ; --            ; altera_merlin_slave_translator  ; --               ;
; IP_TOOL_ENV                         ; Qsys                                                                   ; --            ; altera_merlin_traffic_limiter   ; --               ;
; IP_TOOL_ENV                         ; Qsys                                                                   ; --            ; altera_merlin_width_adapter     ; --               ;
; IP_TOOL_ENV                         ; Qsys                                                                   ; --            ; altera_reset_controller         ; --               ;
; IP_TOOL_ENV                         ; Qsys                                                                   ; --            ; nios_system                     ; --               ;
; IP_TOOL_ENV                         ; Qsys                                                                   ; --            ; nios_system_RAM                 ; --               ;
; IP_TOOL_ENV                         ; Qsys                                                                   ; --            ; nios_system_addr_router         ; --               ;
; IP_TOOL_ENV                         ; Qsys                                                                   ; --            ; nios_system_addr_router_001     ; --               ;
; IP_TOOL_ENV                         ; Qsys                                                                   ; --            ; nios_system_cmd_xbar_demux      ; --               ;
; IP_TOOL_ENV                         ; Qsys                                                                   ; --            ; nios_system_cmd_xbar_demux_001  ; --               ;
; IP_TOOL_ENV                         ; Qsys                                                                   ; --            ; nios_system_cmd_xbar_mux        ; --               ;
; IP_TOOL_ENV                         ; Qsys                                                                   ; --            ; nios_system_id_router           ; --               ;
; IP_TOOL_ENV                         ; Qsys                                                                   ; --            ; nios_system_id_router_002       ; --               ;
; IP_TOOL_ENV                         ; Qsys                                                                   ; --            ; nios_system_id_router_003       ; --               ;
; IP_TOOL_ENV                         ; Qsys                                                                   ; --            ; nios_system_irq_mapper          ; --               ;
; IP_TOOL_ENV                         ; Qsys                                                                   ; --            ; nios_system_nios2_qsys_0        ; --               ;
; IP_TOOL_ENV                         ; Qsys                                                                   ; --            ; nios_system_rsp_xbar_demux      ; --               ;
; IP_TOOL_ENV                         ; Qsys                                                                   ; --            ; nios_system_rsp_xbar_demux_002  ; --               ;
; IP_TOOL_ENV                         ; Qsys                                                                   ; --            ; nios_system_rsp_xbar_mux        ; --               ;
; IP_TOOL_ENV                         ; Qsys                                                                   ; --            ; nios_system_rsp_xbar_mux_001    ; --               ;
; IP_TOOL_NAME                        ; altera_avalon_sc_fifo                                                  ; --            ; altera_avalon_sc_fifo           ; --               ;
; IP_TOOL_NAME                        ; altera_merlin_burst_adapter                                            ; --            ; altera_merlin_burst_adapter     ; --               ;
; IP_TOOL_NAME                        ; altera_merlin_master_agent                                             ; --            ; altera_merlin_master_agent      ; --               ;
; IP_TOOL_NAME                        ; altera_merlin_master_translator                                        ; --            ; altera_merlin_master_translator ; --               ;
; IP_TOOL_NAME                        ; altera_merlin_slave_agent                                              ; --            ; altera_merlin_slave_agent       ; --               ;
; IP_TOOL_NAME                        ; altera_merlin_slave_translator                                         ; --            ; altera_merlin_slave_translator  ; --               ;
; IP_TOOL_NAME                        ; altera_merlin_traffic_limiter                                          ; --            ; altera_merlin_traffic_limiter   ; --               ;
; IP_TOOL_NAME                        ; altera_merlin_width_adapter                                            ; --            ; altera_merlin_width_adapter     ; --               ;
; IP_TOOL_NAME                        ; altera_reset_controller                                                ; --            ; altera_reset_controller         ; --               ;
; IP_TOOL_NAME                        ; Qsys                                                                   ; --            ; nios_system                     ; --               ;
; IP_TOOL_NAME                        ; altera_avalon_onchip_memory2                                           ; --            ; nios_system_RAM                 ; --               ;
; IP_TOOL_NAME                        ; altera_merlin_router                                                   ; --            ; nios_system_addr_router         ; --               ;
; IP_TOOL_NAME                        ; altera_merlin_router                                                   ; --            ; nios_system_addr_router_001     ; --               ;
; IP_TOOL_NAME                        ; altera_merlin_demultiplexer                                            ; --            ; nios_system_cmd_xbar_demux      ; --               ;
; IP_TOOL_NAME                        ; altera_merlin_demultiplexer                                            ; --            ; nios_system_cmd_xbar_demux_001  ; --               ;
; IP_TOOL_NAME                        ; altera_merlin_multiplexer                                              ; --            ; nios_system_cmd_xbar_mux        ; --               ;
; IP_TOOL_NAME                        ; altera_merlin_router                                                   ; --            ; nios_system_id_router           ; --               ;
; IP_TOOL_NAME                        ; altera_merlin_router                                                   ; --            ; nios_system_id_router_002       ; --               ;
; IP_TOOL_NAME                        ; altera_merlin_router                                                   ; --            ; nios_system_id_router_003       ; --               ;
; IP_TOOL_NAME                        ; altera_irq_mapper                                                      ; --            ; nios_system_irq_mapper          ; --               ;
; IP_TOOL_NAME                        ; altera_nios2_qsys                                                      ; --            ; nios_system_nios2_qsys_0        ; --               ;
; IP_TOOL_NAME                        ; altera_merlin_demultiplexer                                            ; --            ; nios_system_rsp_xbar_demux      ; --               ;
; IP_TOOL_NAME                        ; altera_merlin_demultiplexer                                            ; --            ; nios_system_rsp_xbar_demux_002  ; --               ;
; IP_TOOL_NAME                        ; altera_merlin_multiplexer                                              ; --            ; nios_system_rsp_xbar_mux        ; --               ;
; IP_TOOL_NAME                        ; altera_merlin_multiplexer                                              ; --            ; nios_system_rsp_xbar_mux_001    ; --               ;
; IP_TOOL_VERSION                     ; 13.0                                                                   ; --            ; altera_avalon_sc_fifo           ; --               ;
; IP_TOOL_VERSION                     ; 13.0                                                                   ; --            ; altera_merlin_burst_adapter     ; --               ;
; IP_TOOL_VERSION                     ; 13.0                                                                   ; --            ; altera_merlin_master_agent      ; --               ;
; IP_TOOL_VERSION                     ; 13.0                                                                   ; --            ; altera_merlin_master_translator ; --               ;
; IP_TOOL_VERSION                     ; 13.0                                                                   ; --            ; altera_merlin_slave_agent       ; --               ;
; IP_TOOL_VERSION                     ; 13.0                                                                   ; --            ; altera_merlin_slave_translator  ; --               ;
; IP_TOOL_VERSION                     ; 13.0                                                                   ; --            ; altera_merlin_traffic_limiter   ; --               ;
; IP_TOOL_VERSION                     ; 13.0                                                                   ; --            ; altera_merlin_width_adapter     ; --               ;
; IP_TOOL_VERSION                     ; 13.0                                                                   ; --            ; altera_reset_controller         ; --               ;
; IP_TOOL_VERSION                     ; 13.0sp1                                                                ; --            ; nios_system                     ; --               ;
; IP_TOOL_VERSION                     ; 13.0.1.99.2                                                            ; --            ; nios_system_RAM                 ; --               ;
; IP_TOOL_VERSION                     ; 13.0                                                                   ; --            ; nios_system_addr_router         ; --               ;
; IP_TOOL_VERSION                     ; 13.0                                                                   ; --            ; nios_system_addr_router_001     ; --               ;
; IP_TOOL_VERSION                     ; 13.0                                                                   ; --            ; nios_system_cmd_xbar_demux      ; --               ;
; IP_TOOL_VERSION                     ; 13.0                                                                   ; --            ; nios_system_cmd_xbar_demux_001  ; --               ;
; IP_TOOL_VERSION                     ; 13.0                                                                   ; --            ; nios_system_cmd_xbar_mux        ; --               ;
; IP_TOOL_VERSION                     ; 13.0                                                                   ; --            ; nios_system_id_router           ; --               ;
; IP_TOOL_VERSION                     ; 13.0                                                                   ; --            ; nios_system_id_router_002       ; --               ;
; IP_TOOL_VERSION                     ; 13.0                                                                   ; --            ; nios_system_id_router_003       ; --               ;
; IP_TOOL_VERSION                     ; 13.0                                                                   ; --            ; nios_system_irq_mapper          ; --               ;
; IP_TOOL_VERSION                     ; 13.0                                                                   ; --            ; nios_system_nios2_qsys_0        ; --               ;
; IP_TOOL_VERSION                     ; 13.0                                                                   ; --            ; nios_system_rsp_xbar_demux      ; --               ;
; IP_TOOL_VERSION                     ; 13.0                                                                   ; --            ; nios_system_rsp_xbar_demux_002  ; --               ;
; IP_TOOL_VERSION                     ; 13.0                                                                   ; --            ; nios_system_rsp_xbar_mux        ; --               ;
; IP_TOOL_VERSION                     ; 13.0                                                                   ; --            ; nios_system_rsp_xbar_mux_001    ; --               ;
; MAX_CORE_JUNCTION_TEMP              ; 85                                                                     ; --            ; --                              ; --               ;
; MIN_CORE_JUNCTION_TEMP              ; 0                                                                      ; --            ; --                              ; --               ;
; MISC_FILE                           ; nios_system/synthesis/../../nios_system.cmp                            ; --            ; --                              ; --               ;
; MISC_FILE                           ; nios_system/synthesis/../../nios_system.qsys                           ; --            ; --                              ; --               ;
; PARTITION_COLOR                     ; 16764057                                                               ; --            ; --                              ; Top              ;
; PARTITION_FITTER_PRESERVATION_LEVEL ; PLACEMENT_AND_ROUTING                                                  ; --            ; --                              ; Top              ;
; PARTITION_NETLIST_TYPE              ; SOURCE                                                                 ; --            ; --                              ; Top              ;
; POWER_BOARD_THERMAL_MODEL           ; None (CONSERVATIVE)                                                    ; --            ; --                              ; --               ;
; POWER_PRESET_COOLING_SOLUTION       ; 23 MM HEAT SINK WITH 200 LFPM AIRFLOW                                  ; --            ; --                              ; --               ;
; PROJECT_OUTPUT_DIRECTORY            ; output_files                                                           ; --            ; --                              ; --               ;
; SLD_FILE                            ; H:/SeniorYear/ENGR325/Lab/Lab1/stp3_auto_stripped.stp                  ; --            ; --                              ; --               ;
; SLD_INFO                            ; QSYS_NAME nios_system HAS_SOPCINFO 1 GENERATION_ID 1567694556          ; --            ; nios_system                     ; --               ;
; SLD_NODE_CREATOR_ID                 ; 110                                                                    ; --            ; --                              ; auto_signaltap_0 ;
; SLD_NODE_ENTITY_NAME                ; sld_signaltap                                                          ; --            ; --                              ; auto_signaltap_0 ;
; SLD_NODE_PARAMETER_ASSIGNMENT       ; SLD_DATA_BITS=13                                                       ; --            ; --                              ; auto_signaltap_0 ;
; SLD_NODE_PARAMETER_ASSIGNMENT       ; SLD_TRIGGER_BITS=13                                                    ; --            ; --                              ; auto_signaltap_0 ;
; SLD_NODE_PARAMETER_ASSIGNMENT       ; SLD_NODE_INFO=805334528                                                ; --            ; --                              ; auto_signaltap_0 ;
; SLD_NODE_PARAMETER_ASSIGNMENT       ; SLD_POWER_UP_TRIGGER=0                                                 ; --            ; --                              ; auto_signaltap_0 ;
; SLD_NODE_PARAMETER_ASSIGNMENT       ; SLD_INVERSION_MASK=000000000000000000000000000                         ; --            ; --                              ; auto_signaltap_0 ;
; SLD_NODE_PARAMETER_ASSIGNMENT       ; SLD_INVERSION_MASK_LENGTH=27                                           ; --            ; --                              ; auto_signaltap_0 ;
; SLD_NODE_PARAMETER_ASSIGNMENT       ; SLD_STORAGE_QUALIFIER_INVERSION_MASK_LENGTH=0                          ; --            ; --                              ; auto_signaltap_0 ;
; SLD_NODE_PARAMETER_ASSIGNMENT       ; SLD_SEGMENT_SIZE=8192                                                  ; --            ; --                              ; auto_signaltap_0 ;
; SLD_NODE_PARAMETER_ASSIGNMENT       ; SLD_ATTRIBUTE_MEM_MODE=OFF                                             ; --            ; --                              ; auto_signaltap_0 ;
; SLD_NODE_PARAMETER_ASSIGNMENT       ; SLD_STATE_FLOW_USE_GENERATED=0                                         ; --            ; --                              ; auto_signaltap_0 ;
; SLD_NODE_PARAMETER_ASSIGNMENT       ; SLD_STATE_BITS=11                                                      ; --            ; --                              ; auto_signaltap_0 ;
; SLD_NODE_PARAMETER_ASSIGNMENT       ; SLD_BUFFER_FULL_STOP=1                                                 ; --            ; --                              ; auto_signaltap_0 ;
; SLD_NODE_PARAMETER_ASSIGNMENT       ; SLD_CURRENT_RESOURCE_WIDTH=1                                           ; --            ; --                              ; auto_signaltap_0 ;
; SLD_NODE_PARAMETER_ASSIGNMENT       ; SLD_NODE_CRC_LOWORD=1578                                               ; --            ; --                              ; auto_signaltap_0 ;
; SLD_NODE_PARAMETER_ASSIGNMENT       ; SLD_NODE_CRC_HIWORD=29187                                              ; --            ; --                              ; auto_signaltap_0 ;
; SLD_NODE_PARAMETER_ASSIGNMENT       ; SLD_TRIGGER_LEVEL=1                                                    ; --            ; --                              ; auto_signaltap_0 ;
; SLD_NODE_PARAMETER_ASSIGNMENT       ; SLD_SAMPLE_DEPTH=8192                                                  ; --            ; --                              ; auto_signaltap_0 ;
; SLD_NODE_PARAMETER_ASSIGNMENT       ; SLD_TRIGGER_IN_ENABLED=0                                               ; --            ; --                              ; auto_signaltap_0 ;
; SLD_NODE_PARAMETER_ASSIGNMENT       ; SLD_ADVANCED_TRIGGER_ENTITY=sld_reserved_Lab1_auto_signaltap_0_1_ba44, ; --            ; --                              ; auto_signaltap_0 ;
; SLD_NODE_PARAMETER_ASSIGNMENT       ; SLD_TRIGGER_LEVEL_PIPELINE=1                                           ; --            ; --                              ; auto_signaltap_0 ;
; SLD_NODE_PARAMETER_ASSIGNMENT       ; SLD_ENABLE_ADVANCED_TRIGGER=1                                          ; --            ; --                              ; auto_signaltap_0 ;
; SOPCINFO_FILE                       ; nios_system/synthesis/../../nios_system.sopcinfo                       ; --            ; --                              ; --               ;
; SYNTHESIS_ONLY_QIP                  ; On                                                                     ; --            ; --                              ; --               ;
; USE_SIGNALTAP_FILE                  ; stp3.stp                                                               ; --            ; --                              ; --               ;
+-------------------------------------+------------------------------------------------------------------------+---------------+---------------------------------+------------------+


+-------------------------------------------------------------------------------------------------------------------------------+
; Flow Elapsed Time                                                                                                             ;
+---------------------------+--------------+-------------------------+---------------------+------------------------------------+
; Module Name               ; Elapsed Time ; Average Processors Used ; Peak Virtual Memory ; Total CPU Time (on all processors) ;
+---------------------------+--------------+-------------------------+---------------------+------------------------------------+
; Analysis & Synthesis      ; 00:00:47     ; 1.0                     ; 4795 MB             ; 00:00:23                           ;
; Fitter                    ; 00:00:20     ; 1.2                     ; 5376 MB             ; 00:00:21                           ;
; Assembler                 ; 00:00:04     ; 1.0                     ; 4605 MB             ; 00:00:02                           ;
; TimeQuest Timing Analyzer ; 00:00:05     ; 1.0                     ; 4635 MB             ; 00:00:02                           ;
; Total                     ; 00:01:16     ; --                      ; --                  ; 00:00:48                           ;
+---------------------------+--------------+-------------------------+---------------------+------------------------------------+


+----------------------------------------------------------------------------------------+
; Flow OS Summary                                                                        ;
+---------------------------+------------------+-----------+------------+----------------+
; Module Name               ; Machine Hostname ; OS Name   ; OS Version ; Processor type ;
+---------------------------+------------------+-----------+------------+----------------+
; Analysis & Synthesis      ; SB076-01-70260   ; Windows 7 ; 6.2        ; x86_64         ;
; Fitter                    ; SB076-01-70260   ; Windows 7 ; 6.2        ; x86_64         ;
; Assembler                 ; SB076-01-70260   ; Windows 7 ; 6.2        ; x86_64         ;
; TimeQuest Timing Analyzer ; SB076-01-70260   ; Windows 7 ; 6.2        ; x86_64         ;
+---------------------------+------------------+-----------+------------+----------------+


------------
; Flow Log ;
------------
quartus_map --read_settings_files=on --write_settings_files=off Lab1 -c Lab1
quartus_fit --read_settings_files=off --write_settings_files=off Lab1 -c Lab1
quartus_asm --read_settings_files=off --write_settings_files=off Lab1 -c Lab1
quartus_sta Lab1 -c Lab1



